<?xml version="1.0" encoding="UTF-8"?>
<testng-results ignored="0" total="1" passed="0" failed="1" skipped="0">
  <reporter-output>
    <line>
      <![CDATA[Excelfile is opened Successfully]]>
    </line>
    <line>
      <![CDATA[server is started]]>
    </line>
    <line>
      <![CDATA[It is already continued to login page]]>
    </line>
    <line>
      <![CDATA[login page is validated]]>
    </line>
  </reporter-output>
  <suite started-at="2022-06-02T19:21:21 IST" name="Default suite" finished-at="2022-06-02T19:29:32 IST" duration-ms="490987">
    <groups>
    </groups>
    <test started-at="2022-06-02T19:21:21 IST" name="Default test" finished-at="2022-06-02T19:29:32 IST" duration-ms="490987">
      <class name="TestScripts.VerifySwitchBetweenTheSportsTabsInHomePageTest">
        <test-method is-config="true" signature="opendatabase()[pri:0, instance:TestScripts.VerifySwitchBetweenTheSportsTabsInHomePageTest@7fd50002]" started-at="2022-06-02T19:21:19 IST" name="opendatabase" finished-at="2022-06-02T19:21:21 IST" duration-ms="1814" status="PASS">
          <reporter-output>
            <line>
              <![CDATA[Excelfile is opened Successfully]]>
            </line>
          </reporter-output>
        </test-method> <!-- opendatabase -->
        <test-method is-config="true" signature="openserver()[pri:0, instance:TestScripts.VerifySwitchBetweenTheSportsTabsInHomePageTest@7fd50002]" started-at="2022-06-02T19:21:21 IST" name="openserver" finished-at="2022-06-02T19:21:21 IST" duration-ms="1" status="PASS">
          <reporter-output>
            <line>
              <![CDATA[server is started]]>
            </line>
          </reporter-output>
        </test-method> <!-- openserver -->
        <test-method is-config="true" signature="loginapp()[pri:0, instance:TestScripts.VerifySwitchBetweenTheSportsTabsInHomePageTest@7fd50002]" started-at="2022-06-02T19:21:21 IST" name="loginapp" finished-at="2022-06-02T19:23:11 IST" duration-ms="110479" status="PASS">
          <reporter-output>
            <line>
              <![CDATA[It is already continued to login page]]>
            </line>
            <line>
              <![CDATA[login page is validated]]>
            </line>
          </reporter-output>
        </test-method> <!-- loginapp -->
        <test-method signature="verifySwitchBetweenTheSportsTabsInHomePageTest()[pri:0, instance:TestScripts.VerifySwitchBetweenTheSportsTabsInHomePageTest@7fd50002]" started-at="2022-06-02T19:23:11 IST" name="verifySwitchBetweenTheSportsTabsInHomePageTest" finished-at="2022-06-02T19:29:04 IST" duration-ms="353055" status="FAIL">
          <exception class="org.openqa.selenium.NoSuchElementException">
            <message>
              <![CDATA[An element could not be located on the page using the given search parameters. (WARNING: The server did not provide any stacktrace information)
Command duration or timeout: 353.04 seconds
For documentation on this error, please visit: http://seleniumhq.org/exceptions/no_such_element.html
Build info: version: '2.53.1', revision: 'a36b8b1cd5757287168e54b817830adce9b0158d', time: '2016-06-30 19:26:09'
System info: host: 'DESKTOP-R6Q0H6T', ip: '192.168.43.70', os.name: 'Windows 10', os.arch: 'amd64', os.version: '10.0', java.version: '16.0.1'
Driver info: io.appium.java_client.android.AndroidDriver
Capabilities [{appPackage=com.app.dream11Pro, statBarHeight=135, viewportRect={top=135, left=0, width=1080, height=1842}, deviceName=emulator-5554, platform=LINUX, deviceUDID=emulator-5554, desired={appPackage=com.app.dream11Pro, appActivity=com.app.dream11.dream11.SplashActivity, platformVersion=9, autoGrantPermissions=true, udid=emulator-5554, platformName=Android, deviceName=null, autoAcceptAlerts=true}, platformVersion=9, webStorageEnabled=false, takesScreenshot=true, javascriptEnabled=true, udid=emulator-5554, platformName=Android, deviceApiLevel=28, deviceManufacturer=Google, deviceScreenSize=1080x2280, networkConnectionEnabled=true, warnings={}, databaseEnabled=false, appActivity=com.app.dream11.dream11.SplashActivity, pixelRatio=2.75, locationContextEnabled=false, autoGrantPermissions=true, deviceScreenDensity=440, deviceModel=AOSP on IA Emulator, autoAcceptAlerts=true}]
Session ID: 4d1754b7-5a2b-4aeb-af5b-baf19f324610
*** Element info: {Using=-android uiautomator, value=new UiScrollable(new UiSelector()).scrollIntoView(text("Volleyball"))}]]>
            </message>
            <full-stacktrace>
              <![CDATA[org.openqa.selenium.NoSuchElementException: An element could not be located on the page using the given search parameters. (WARNING: The server did not provide any stacktrace information)
Command duration or timeout: 353.04 seconds
For documentation on this error, please visit: http://seleniumhq.org/exceptions/no_such_element.html
Build info: version: '2.53.1', revision: 'a36b8b1cd5757287168e54b817830adce9b0158d', time: '2016-06-30 19:26:09'
System info: host: 'DESKTOP-R6Q0H6T', ip: '192.168.43.70', os.name: 'Windows 10', os.arch: 'amd64', os.version: '10.0', java.version: '16.0.1'
Driver info: io.appium.java_client.android.AndroidDriver
Capabilities [{appPackage=com.app.dream11Pro, statBarHeight=135, viewportRect={top=135, left=0, width=1080, height=1842}, deviceName=emulator-5554, platform=LINUX, deviceUDID=emulator-5554, desired={appPackage=com.app.dream11Pro, appActivity=com.app.dream11.dream11.SplashActivity, platformVersion=9, autoGrantPermissions=true, udid=emulator-5554, platformName=Android, deviceName=null, autoAcceptAlerts=true}, platformVersion=9, webStorageEnabled=false, takesScreenshot=true, javascriptEnabled=true, udid=emulator-5554, platformName=Android, deviceApiLevel=28, deviceManufacturer=Google, deviceScreenSize=1080x2280, networkConnectionEnabled=true, warnings={}, databaseEnabled=false, appActivity=com.app.dream11.dream11.SplashActivity, pixelRatio=2.75, locationContextEnabled=false, autoGrantPermissions=true, deviceScreenDensity=440, deviceModel=AOSP on IA Emulator, autoAcceptAlerts=true}]
Session ID: 4d1754b7-5a2b-4aeb-af5b-baf19f324610
*** Element info: {Using=-android uiautomator, value=new UiScrollable(new UiSelector()).scrollIntoView(text("Volleyball"))}
at java.base/jdk.internal.reflect.NativeConstructorAccessorImpl.newInstance0(Native Method)
at java.base/jdk.internal.reflect.NativeConstructorAccessorImpl.newInstance(NativeConstructorAccessorImpl.java:78)
at java.base/jdk.internal.reflect.DelegatingConstructorAccessorImpl.newInstance(DelegatingConstructorAccessorImpl.java:45)
at java.base/java.lang.reflect.Constructor.newInstanceWithCaller(Constructor.java:499)
at java.base/java.lang.reflect.Constructor.newInstance(Constructor.java:480)
at org.openqa.selenium.remote.ErrorHandler.createThrowable(ErrorHandler.java:206)
at org.openqa.selenium.remote.ErrorHandler.throwIfResponseFailed(ErrorHandler.java:158)
at org.openqa.selenium.remote.RemoteWebDriver.execute(RemoteWebDriver.java:678)
at io.appium.java_client.DefaultGenericMobileDriver.execute(DefaultGenericMobileDriver.java:40)
at io.appium.java_client.AppiumDriver.execute(AppiumDriver.java:1)
at io.appium.java_client.android.AndroidDriver.execute(AndroidDriver.java:1)
at org.openqa.selenium.remote.RemoteWebDriver.findElement(RemoteWebDriver.java:363)
at io.appium.java_client.DefaultGenericMobileDriver.findElement(DefaultGenericMobileDriver.java:56)
at io.appium.java_client.AppiumDriver.findElement(AppiumDriver.java:1)
at io.appium.java_client.android.AndroidDriver.findElement(AndroidDriver.java:1)
at io.appium.java_client.android.AndroidDriver.findElementByAndroidUIAutomator(AndroidDriver.java:365)
at TestScripts.VerifySwitchBetweenTheSportsTabsInHomePageTest.verifySwitchBetweenTheSportsTabsInHomePageTest(VerifySwitchBetweenTheSportsTabsInHomePageTest.java:33)
at java.base/jdk.internal.reflect.NativeMethodAccessorImpl.invoke0(Native Method)
at java.base/jdk.internal.reflect.NativeMethodAccessorImpl.invoke(NativeMethodAccessorImpl.java:78)
at java.base/jdk.internal.reflect.DelegatingMethodAccessorImpl.invoke(DelegatingMethodAccessorImpl.java:43)
at java.base/java.lang.reflect.Method.invoke(Method.java:567)
at org.testng.internal.MethodInvocationHelper.invokeMethod(MethodInvocationHelper.java:133)
at org.testng.internal.TestInvoker.invokeMethod(TestInvoker.java:598)
at org.testng.internal.TestInvoker.invokeTestMethod(TestInvoker.java:173)
at org.testng.internal.MethodRunner.runInSequence(MethodRunner.java:46)
at org.testng.internal.TestInvoker$MethodInvocationAgent.invoke(TestInvoker.java:824)
at org.testng.internal.TestInvoker.invokeTestMethods(TestInvoker.java:146)
at org.testng.internal.TestMethodWorker.invokeTestMethods(TestMethodWorker.java:146)
at org.testng.internal.TestMethodWorker.run(TestMethodWorker.java:128)
at java.base/java.util.ArrayList.forEach(ArrayList.java:1511)
at org.testng.TestRunner.privateRun(TestRunner.java:794)
at org.testng.TestRunner.run(TestRunner.java:596)
at org.testng.SuiteRunner.runTest(SuiteRunner.java:377)
at org.testng.SuiteRunner.runSequentially(SuiteRunner.java:371)
at org.testng.SuiteRunner.privateRun(SuiteRunner.java:332)
at org.testng.SuiteRunner.run(SuiteRunner.java:276)
at org.testng.SuiteRunnerWorker.runSuite(SuiteRunnerWorker.java:53)
at org.testng.SuiteRunnerWorker.run(SuiteRunnerWorker.java:96)
at org.testng.TestNG.runSuitesSequentially(TestNG.java:1212)
at org.testng.TestNG.runSuitesLocally(TestNG.java:1134)
at org.testng.TestNG.runSuites(TestNG.java:1063)
at org.testng.TestNG.run(TestNG.java:1031)
at org.testng.remote.AbstractRemoteTestNG.run(AbstractRemoteTestNG.java:115)
at org.testng.remote.RemoteTestNG.initAndRun(RemoteTestNG.java:251)
at org.testng.remote.RemoteTestNG.main(RemoteTestNG.java:77)
]]>
            </full-stacktrace>
          </exception> <!-- org.openqa.selenium.NoSuchElementException -->
          <reporter-output>
          </reporter-output>
        </test-method> <!-- verifySwitchBetweenTheSportsTabsInHomePageTest -->
        <test-method is-config="true" signature="logoutApp()[pri:0, instance:TestScripts.VerifySwitchBetweenTheSportsTabsInHomePageTest@7fd50002]" started-at="2022-06-02T19:29:05 IST" name="logoutApp" finished-at="2022-06-02T19:29:32 IST" duration-ms="27206" status="FAIL">
          <exception class="org.openqa.selenium.StaleElementReferenceException">
            <message>
              <![CDATA[The element 'By.xpath: (//*[@content-desc='NOTIFICATIONS']/parent::androidx.appcompat.widget.LinearLayoutCompat/parent::android.view.ViewGroup//android.widget.ImageView)[1]' does not exist in DOM anymore (WARNING: The server did not provide any stacktrace information)
Command duration or timeout: 765 milliseconds
For documentation on this error, please visit: http://seleniumhq.org/exceptions/stale_element_reference.html
Build info: version: '2.53.1', revision: 'a36b8b1cd5757287168e54b817830adce9b0158d', time: '2016-06-30 19:26:09'
System info: host: 'DESKTOP-R6Q0H6T', ip: '192.168.43.70', os.name: 'Windows 10', os.arch: 'amd64', os.version: '10.0', java.version: '16.0.1'
Driver info: io.appium.java_client.android.AndroidDriver
Capabilities [{appPackage=com.app.dream11Pro, statBarHeight=135, viewportRect={top=135, left=0, width=1080, height=1842}, deviceName=emulator-5554, platform=LINUX, deviceUDID=emulator-5554, desired={appPackage=com.app.dream11Pro, appActivity=com.app.dream11.dream11.SplashActivity, platformVersion=9, autoGrantPermissions=true, udid=emulator-5554, platformName=Android, deviceName=null, autoAcceptAlerts=true}, platformVersion=9, webStorageEnabled=false, takesScreenshot=true, javascriptEnabled=true, udid=emulator-5554, platformName=Android, deviceApiLevel=28, deviceManufacturer=Google, deviceScreenSize=1080x2280, networkConnectionEnabled=true, warnings={}, databaseEnabled=false, appActivity=com.app.dream11.dream11.SplashActivity, pixelRatio=2.75, locationContextEnabled=false, autoGrantPermissions=true, deviceScreenDensity=440, deviceModel=AOSP on IA Emulator, autoAcceptAlerts=true}]
Session ID: 4d1754b7-5a2b-4aeb-af5b-baf19f324610]]>
            </message>
            <full-stacktrace>
              <![CDATA[org.openqa.selenium.StaleElementReferenceException: The element 'By.xpath: (//*[@content-desc='NOTIFICATIONS']/parent::androidx.appcompat.widget.LinearLayoutCompat/parent::android.view.ViewGroup//android.widget.ImageView)[1]' does not exist in DOM anymore (WARNING: The server did not provide any stacktrace information)
Command duration or timeout: 765 milliseconds
For documentation on this error, please visit: http://seleniumhq.org/exceptions/stale_element_reference.html
Build info: version: '2.53.1', revision: 'a36b8b1cd5757287168e54b817830adce9b0158d', time: '2016-06-30 19:26:09'
System info: host: 'DESKTOP-R6Q0H6T', ip: '192.168.43.70', os.name: 'Windows 10', os.arch: 'amd64', os.version: '10.0', java.version: '16.0.1'
Driver info: io.appium.java_client.android.AndroidDriver
Capabilities [{appPackage=com.app.dream11Pro, statBarHeight=135, viewportRect={top=135, left=0, width=1080, height=1842}, deviceName=emulator-5554, platform=LINUX, deviceUDID=emulator-5554, desired={appPackage=com.app.dream11Pro, appActivity=com.app.dream11.dream11.SplashActivity, platformVersion=9, autoGrantPermissions=true, udid=emulator-5554, platformName=Android, deviceName=null, autoAcceptAlerts=true}, platformVersion=9, webStorageEnabled=false, takesScreenshot=true, javascriptEnabled=true, udid=emulator-5554, platformName=Android, deviceApiLevel=28, deviceManufacturer=Google, deviceScreenSize=1080x2280, networkConnectionEnabled=true, warnings={}, databaseEnabled=false, appActivity=com.app.dream11.dream11.SplashActivity, pixelRatio=2.75, locationContextEnabled=false, autoGrantPermissions=true, deviceScreenDensity=440, deviceModel=AOSP on IA Emulator, autoAcceptAlerts=true}]
Session ID: 4d1754b7-5a2b-4aeb-af5b-baf19f324610
at java.base/jdk.internal.reflect.NativeConstructorAccessorImpl.newInstance0(Native Method)
at java.base/jdk.internal.reflect.NativeConstructorAccessorImpl.newInstance(NativeConstructorAccessorImpl.java:78)
at java.base/jdk.internal.reflect.DelegatingConstructorAccessorImpl.newInstance(DelegatingConstructorAccessorImpl.java:45)
at java.base/java.lang.reflect.Constructor.newInstanceWithCaller(Constructor.java:499)
at java.base/java.lang.reflect.Constructor.newInstance(Constructor.java:480)
at org.openqa.selenium.remote.ErrorHandler.createThrowable(ErrorHandler.java:206)
at org.openqa.selenium.remote.ErrorHandler.throwIfResponseFailed(ErrorHandler.java:158)
at org.openqa.selenium.remote.RemoteWebDriver.execute(RemoteWebDriver.java:678)
at io.appium.java_client.DefaultGenericMobileDriver.execute(DefaultGenericMobileDriver.java:40)
at io.appium.java_client.AppiumDriver.execute(AppiumDriver.java:1)
at io.appium.java_client.android.AndroidDriver.execute(AndroidDriver.java:1)
at org.openqa.selenium.remote.RemoteWebElement.execute(RemoteWebElement.java:327)
at io.appium.java_client.DefaultGenericMobileElement.execute(DefaultGenericMobileElement.java:33)
at io.appium.java_client.MobileElement.execute(MobileElement.java:1)
at io.appium.java_client.android.AndroidElement.execute(AndroidElement.java:1)
at org.openqa.selenium.remote.RemoteWebElement.click(RemoteWebElement.java:85)
at Common_Utility.BaseClass.logoutApp(BaseClass.java:101)
at java.base/jdk.internal.reflect.NativeMethodAccessorImpl.invoke0(Native Method)
at java.base/jdk.internal.reflect.NativeMethodAccessorImpl.invoke(NativeMethodAccessorImpl.java:78)
at java.base/jdk.internal.reflect.DelegatingMethodAccessorImpl.invoke(DelegatingMethodAccessorImpl.java:43)
at java.base/java.lang.reflect.Method.invoke(Method.java:567)
at org.testng.internal.MethodInvocationHelper.invokeMethod(MethodInvocationHelper.java:133)
at org.testng.internal.MethodInvocationHelper.invokeMethodConsideringTimeout(MethodInvocationHelper.java:62)
at org.testng.internal.ConfigInvoker.invokeConfigurationMethod(ConfigInvoker.java:385)
at org.testng.internal.ConfigInvoker.invokeConfigurations(ConfigInvoker.java:321)
at org.testng.internal.TestInvoker.runConfigMethods(TestInvoker.java:700)
at org.testng.internal.TestInvoker.runAfterGroupsConfigurations(TestInvoker.java:676)
at org.testng.internal.TestInvoker.invokeMethod(TestInvoker.java:660)
at org.testng.internal.TestInvoker.invokeTestMethod(TestInvoker.java:173)
at org.testng.internal.MethodRunner.runInSequence(MethodRunner.java:46)
at org.testng.internal.TestInvoker$MethodInvocationAgent.invoke(TestInvoker.java:824)
at org.testng.internal.TestInvoker.invokeTestMethods(TestInvoker.java:146)
at org.testng.internal.TestMethodWorker.invokeTestMethods(TestMethodWorker.java:146)
at org.testng.internal.TestMethodWorker.run(TestMethodWorker.java:128)
at java.base/java.util.ArrayList.forEach(ArrayList.java:1511)
at org.testng.TestRunner.privateRun(TestRunner.java:794)
at org.testng.TestRunner.run(TestRunner.java:596)
at org.testng.SuiteRunner.runTest(SuiteRunner.java:377)
at org.testng.SuiteRunner.runSequentially(SuiteRunner.java:371)
at org.testng.SuiteRunner.privateRun(SuiteRunner.java:332)
at org.testng.SuiteRunner.run(SuiteRunner.java:276)
at org.testng.SuiteRunnerWorker.runSuite(SuiteRunnerWorker.java:53)
at org.testng.SuiteRunnerWorker.run(SuiteRunnerWorker.java:96)
at org.testng.TestNG.runSuitesSequentially(TestNG.java:1212)
at org.testng.TestNG.runSuitesLocally(TestNG.java:1134)
at org.testng.TestNG.runSuites(TestNG.java:1063)
at org.testng.TestNG.run(TestNG.java:1031)
at org.testng.remote.AbstractRemoteTestNG.run(AbstractRemoteTestNG.java:115)
at org.testng.remote.RemoteTestNG.initAndRun(RemoteTestNG.java:251)
at org.testng.remote.RemoteTestNG.main(RemoteTestNG.java:77)
]]>
            </full-stacktrace>
          </exception> <!-- org.openqa.selenium.StaleElementReferenceException -->
          <reporter-output>
          </reporter-output>
        </test-method> <!-- logoutApp -->
        <test-method is-config="true" signature="closeBrowser()[pri:0, instance:TestScripts.VerifySwitchBetweenTheSportsTabsInHomePageTest@7fd50002]" started-at="2022-06-02T19:29:32 IST" name="closeBrowser" finished-at="1970-01-01T05:30:00 IST" duration-ms="-1654178372270" status="SKIP">
          <reporter-output>
          </reporter-output>
        </test-method> <!-- closeBrowser -->
        <test-method is-config="true" signature="closeConnection()[pri:0, instance:TestScripts.VerifySwitchBetweenTheSportsTabsInHomePageTest@7fd50002]" started-at="2022-06-02T19:29:32 IST" name="closeConnection" finished-at="2022-06-02T19:29:32 IST" duration-ms="2" status="FAIL">
          <exception class="java.io.FileNotFoundException">
            <message>
              <![CDATA[.\src\test\resources\Appium_Dream11.xlsx (The process cannot access the file because it is being used by another process)]]>
            </message>
            <full-stacktrace>
              <![CDATA[java.io.FileNotFoundException: .\src\test\resources\Appium_Dream11.xlsx (The process cannot access the file because it is being used by another process)
at java.base/java.io.FileOutputStream.open0(Native Method)
at java.base/java.io.FileOutputStream.open(FileOutputStream.java:291)
at java.base/java.io.FileOutputStream.<init>(FileOutputStream.java:234)
at java.base/java.io.FileOutputStream.<init>(FileOutputStream.java:123)
at Common_Utility.ExcelUtility.closeExcel(ExcelUtility.java:53)
at Common_Utility.BaseClass.closeConnection(BaseClass.java:123)
at java.base/jdk.internal.reflect.NativeMethodAccessorImpl.invoke0(Native Method)
at java.base/jdk.internal.reflect.NativeMethodAccessorImpl.invoke(NativeMethodAccessorImpl.java:78)
at java.base/jdk.internal.reflect.DelegatingMethodAccessorImpl.invoke(DelegatingMethodAccessorImpl.java:43)
at java.base/java.lang.reflect.Method.invoke(Method.java:567)
at org.testng.internal.MethodInvocationHelper.invokeMethod(MethodInvocationHelper.java:133)
at org.testng.internal.MethodInvocationHelper.invokeMethodConsideringTimeout(MethodInvocationHelper.java:62)
at org.testng.internal.ConfigInvoker.invokeConfigurationMethod(ConfigInvoker.java:385)
at org.testng.internal.ConfigInvoker.invokeConfigurations(ConfigInvoker.java:321)
at org.testng.SuiteRunner.privateRun(SuiteRunner.java:344)
at org.testng.SuiteRunner.run(SuiteRunner.java:276)
at org.testng.SuiteRunnerWorker.runSuite(SuiteRunnerWorker.java:53)
at org.testng.SuiteRunnerWorker.run(SuiteRunnerWorker.java:96)
at org.testng.TestNG.runSuitesSequentially(TestNG.java:1212)
at org.testng.TestNG.runSuitesLocally(TestNG.java:1134)
at org.testng.TestNG.runSuites(TestNG.java:1063)
at org.testng.TestNG.run(TestNG.java:1031)
at org.testng.remote.AbstractRemoteTestNG.run(AbstractRemoteTestNG.java:115)
at org.testng.remote.RemoteTestNG.initAndRun(RemoteTestNG.java:251)
at org.testng.remote.RemoteTestNG.main(RemoteTestNG.java:77)
]]>
            </full-stacktrace>
          </exception> <!-- java.io.FileNotFoundException -->
          <reporter-output>
          </reporter-output>
        </test-method> <!-- closeConnection -->
      </class> <!-- TestScripts.VerifySwitchBetweenTheSportsTabsInHomePageTest -->
    </test> <!-- Default test -->
  </suite> <!-- Default suite -->
</testng-results>
